0 info it worked if it ends with ok
1 verbose cli [ '/Users/nli/opt/anaconda3/bin/node',
1 verbose cli   '/Users/nli/opt/anaconda3/bin/npm',
1 verbose cli   'i',
1 verbose cli   'startbootstrap-resume' ]
2 info using npm@3.10.10
3 info using node@v6.13.1
4 silly loadCurrentTree Starting
5 silly install loadCurrentTree
6 silly install readLocalPackageData
7 silly fetchPackageMetaData startbootstrap-resume
8 silly fetchNamedPackageData startbootstrap-resume
9 silly mapToRegistry name startbootstrap-resume
10 silly mapToRegistry using default registry
11 silly mapToRegistry registry https://registry.npmjs.org/
12 silly mapToRegistry data Result {
12 silly mapToRegistry   raw: 'startbootstrap-resume',
12 silly mapToRegistry   scope: null,
12 silly mapToRegistry   escapedName: 'startbootstrap-resume',
12 silly mapToRegistry   name: 'startbootstrap-resume',
12 silly mapToRegistry   rawSpec: '',
12 silly mapToRegistry   spec: 'latest',
12 silly mapToRegistry   type: 'tag' }
13 silly mapToRegistry uri https://registry.npmjs.org/startbootstrap-resume
14 verbose request uri https://registry.npmjs.org/startbootstrap-resume
15 verbose request no auth needed
16 info attempt registry request try #1 at 1:57:32 AM
17 verbose request id a1b2e5e84a95ea1d
18 http request GET https://registry.npmjs.org/startbootstrap-resume
19 http 200 https://registry.npmjs.org/startbootstrap-resume
20 verbose headers { date: 'Mon, 27 Apr 2020 05:57:32 GMT',
20 verbose headers   'content-type': 'application/json',
20 verbose headers   'transfer-encoding': 'chunked',
20 verbose headers   connection: 'keep-alive',
20 verbose headers   'set-cookie': [ '__cfduid=d87f584a774fc259e6c813a9a92c253eb1587967052; expires=Wed, 27-May-20 05:57:32 GMT; path=/; domain=.npmjs.org; HttpOnly; SameSite=Lax' ],
20 verbose headers   'cf-ray': '58a64e808e2ff198-IAD',
20 verbose headers   age: '3545',
20 verbose headers   'cache-control': 'public, max-age=300',
20 verbose headers   etag: 'W/"7d9318aca8c4f429bd268938d36df41d"',
20 verbose headers   'last-modified': 'Mon, 16 Sep 2019 21:51:45 GMT',
20 verbose headers   vary: 'accept-encoding, accept',
20 verbose headers   'cf-cache-status': 'HIT',
20 verbose headers   'expect-ct': 'max-age=604800, report-uri="https://report-uri.cloudflare.com/cdn-cgi/beacon/expect-ct"',
20 verbose headers   server: 'cloudflare',
20 verbose headers   'content-encoding': 'gzip',
20 verbose headers   'cf-request-id': '025bcf64570000f19827071200000001' }
21 silly get cb [ 200,
21 silly get   { date: 'Mon, 27 Apr 2020 05:57:32 GMT',
21 silly get     'content-type': 'application/json',
21 silly get     'transfer-encoding': 'chunked',
21 silly get     connection: 'keep-alive',
21 silly get     'set-cookie': [ '__cfduid=d87f584a774fc259e6c813a9a92c253eb1587967052; expires=Wed, 27-May-20 05:57:32 GMT; path=/; domain=.npmjs.org; HttpOnly; SameSite=Lax' ],
21 silly get     'cf-ray': '58a64e808e2ff198-IAD',
21 silly get     age: '3545',
21 silly get     'cache-control': 'public, max-age=300',
21 silly get     etag: 'W/"7d9318aca8c4f429bd268938d36df41d"',
21 silly get     'last-modified': 'Mon, 16 Sep 2019 21:51:45 GMT',
21 silly get     vary: 'accept-encoding, accept',
21 silly get     'cf-cache-status': 'HIT',
21 silly get     'expect-ct': 'max-age=604800, report-uri="https://report-uri.cloudflare.com/cdn-cgi/beacon/expect-ct"',
21 silly get     server: 'cloudflare',
21 silly get     'content-encoding': 'gzip',
21 silly get     'cf-request-id': '025bcf64570000f19827071200000001' } ]
22 verbose get saving startbootstrap-resume to /Users/nli/.npm/registry.npmjs.org/startbootstrap-resume/.cache.json
23 verbose correctMkdir /Users/nli/.npm correctMkdir not in flight; initializing
24 silly install normalizeTree
25 silly loadCurrentTree Finishing
26 silly loadIdealTree Starting
27 silly install loadIdealTree
28 silly cloneCurrentTree Starting
29 silly install cloneCurrentTreeToIdealTree
30 silly cloneCurrentTree Finishing
31 silly loadShrinkwrap Starting
32 silly install loadShrinkwrap
33 silly loadShrinkwrap Finishing
34 silly loadAllDepsIntoIdealTree Starting
35 silly install loadAllDepsIntoIdealTree
36 silly rollbackFailedOptional Starting
37 silly rollbackFailedOptional Finishing
38 silly runTopLevelLifecycles Finishing
39 silly install printInstalled
40 verbose stack Error: Refusing to install startbootstrap-resume as a dependency of itself
40 verbose stack     at checkSelf (/Users/nli/opt/anaconda3/lib/node_modules/npm/lib/install/validate-args.js:53:14)
40 verbose stack     at Array.<anonymous> (/Users/nli/opt/anaconda3/lib/node_modules/npm/node_modules/slide/lib/bind-actor.js:15:8)
40 verbose stack     at LOOP (/Users/nli/opt/anaconda3/lib/node_modules/npm/node_modules/slide/lib/chain.js:15:14)
40 verbose stack     at chain (/Users/nli/opt/anaconda3/lib/node_modules/npm/node_modules/slide/lib/chain.js:20:5)
40 verbose stack     at /Users/nli/opt/anaconda3/lib/node_modules/npm/lib/install/validate-args.js:16:5
40 verbose stack     at /Users/nli/opt/anaconda3/lib/node_modules/npm/node_modules/slide/lib/async-map.js:52:35
40 verbose stack     at Array.forEach (native)
40 verbose stack     at /Users/nli/opt/anaconda3/lib/node_modules/npm/node_modules/slide/lib/async-map.js:52:11
40 verbose stack     at Array.forEach (native)
40 verbose stack     at asyncMap (/Users/nli/opt/anaconda3/lib/node_modules/npm/node_modules/slide/lib/async-map.js:51:8)
41 verbose cwd /Users/nli/dev/nortonlyr.github.io
42 error Darwin 19.3.0
43 error argv "/Users/nli/opt/anaconda3/bin/node" "/Users/nli/opt/anaconda3/bin/npm" "i" "startbootstrap-resume"
44 error node v6.13.1
45 error npm  v3.10.10
46 error code ENOSELF
47 error Refusing to install startbootstrap-resume as a dependency of itself
48 error If you need help, you may report this error at:
48 error     <https://github.com/npm/npm/issues>
49 verbose exit [ 1, true ]
